WARNING:tensorflow:From model_b/training.py:183: softmax_cross_entropy_with_logits (from tensorflow.python.ops.nn_ops) is deprecated and will be removed in a future version.
Instructions for updating:

Future major versions of TensorFlow will allow gradients to flow
into the labels input on backprop by default.

See `tf.nn.softmax_cross_entropy_with_logits_v2`.

2018-11-13 05:22:26.769847: I tensorflow/core/platform/cpu_feature_guard.cc:141] Your CPU supports instructions that this TensorFlow binary was not compiled to use: AVX2 FMA
2018-11-13 05:22:27.384563: I tensorflow/stream_executor/cuda/cuda_gpu_executor.cc:964] successful NUMA node read from SysFS had negative value (-1), but there must be at least one NUMA node, so returning NUMA node zero
2018-11-13 05:22:27.384877: I tensorflow/core/common_runtime/gpu/gpu_device.cc:1432] Found device 0 with properties: 
name: Tesla M60 major: 5 minor: 2 memoryClockRate(GHz): 1.1775
pciBusID: 0000:00:1e.0
totalMemory: 7.44GiB freeMemory: 7.36GiB
2018-11-13 05:22:27.384906: I tensorflow/core/common_runtime/gpu/gpu_device.cc:1511] Adding visible gpu devices: 0
2018-11-13 05:22:27.718543: I tensorflow/core/common_runtime/gpu/gpu_device.cc:982] Device interconnect StreamExecutor with strength 1 edge matrix:
2018-11-13 05:22:27.718597: I tensorflow/core/common_runtime/gpu/gpu_device.cc:988]      0 
2018-11-13 05:22:27.718607: I tensorflow/core/common_runtime/gpu/gpu_device.cc:1001] 0:   N 
2018-11-13 05:22:27.718821: I tensorflow/core/common_runtime/gpu/gpu_device.cc:1115] Created TensorFlow device (/job:localhost/replica:0/task:0/device:GPU:0 with 7096 MB memory) -> physical GPU (device: 0, name: Tesla M60, pci bus id: 0000:00:1e.0, compute capability: 5.2)
Loading train dataset...
Tensor("fully_connected_1/Softmax:0", shape=(1, 3), dtype=float32)
OpenCV(3.4.3) /io/opencv/modules/imgproc/src/resize.cpp:4044: error: (-215:Assertion failed) !ssize.empty() in function 'resize'

OpenCV(3.4.3) /io/opencv/modules/imgproc/src/resize.cpp:4044: error: (-215:Assertion failed) !ssize.empty() in function 'resize'

OpenCV(3.4.3) /io/opencv/modules/imgproc/src/resize.cpp:4044: error: (-215:Assertion failed) !ssize.empty() in function 'resize'

OpenCV(3.4.3) /io/opencv/modules/imgproc/src/resize.cpp:4044: error: (-215:Assertion failed) !ssize.empty() in function 'resize'

OpenCV(3.4.3) /io/opencv/modules/imgproc/src/resize.cpp:4044: error: (-215:Assertion failed) !ssize.empty() in function 'resize'

OpenCV(3.4.3) /io/opencv/modules/imgproc/src/resize.cpp:4044: error: (-215:Assertion failed) !ssize.empty() in function 'resize'

OpenCV(3.4.3) /io/opencv/modules/imgproc/src/resize.cpp:4044: error: (-215:Assertion failed) !ssize.empty() in function 'resize'

OpenCV(3.4.3) /io/opencv/modules/imgproc/src/resize.cpp:4044: error: (-215:Assertion failed) !ssize.empty() in function 'resize'

OpenCV(3.4.3) /io/opencv/modules/imgproc/src/resize.cpp:4044: error: (-215:Assertion failed) !ssize.empty() in function 'resize'

OpenCV(3.4.3) /io/opencv/modules/imgproc/src/resize.cpp:4044: error: (-215:Assertion failed) !ssize.empty() in function 'resize'

OpenCV(3.4.3) /io/opencv/modules/imgproc/src/resize.cpp:4044: error: (-215:Assertion failed) !ssize.empty() in function 'resize'

OpenCV(3.4.3) /io/opencv/modules/imgproc/src/resize.cpp:4044: error: (-215:Assertion failed) !ssize.empty() in function 'resize'

OpenCV(3.4.3) /io/opencv/modules/imgproc/src/resize.cpp:4044: error: (-215:Assertion failed) !ssize.empty() in function 'resize'

OpenCV(3.4.3) /io/opencv/modules/imgproc/src/resize.cpp:4044: error: (-215:Assertion failed) !ssize.empty() in function 'resize'

OpenCV(3.4.3) /io/opencv/modules/imgproc/src/resize.cpp:4044: error: (-215:Assertion failed) !ssize.empty() in function 'resize'

OpenCV(3.4.3) /io/opencv/modules/imgproc/src/resize.cpp:4044: error: (-215:Assertion failed) !ssize.empty() in function 'resize'

OpenCV(3.4.3) /io/opencv/modules/imgproc/src/resize.cpp:4044: error: (-215:Assertion failed) !ssize.empty() in function 'resize'

OpenCV(3.4.3) /io/opencv/modules/imgproc/src/resize.cpp:4044: error: (-215:Assertion failed) !ssize.empty() in function 'resize'

OpenCV(3.4.3) /io/opencv/modules/imgproc/src/resize.cpp:4044: error: (-215:Assertion failed) !ssize.empty() in function 'resize'

OpenCV(3.4.3) /io/opencv/modules/imgproc/src/resize.cpp:4044: error: (-215:Assertion failed) !ssize.empty() in function 'resize'

OpenCV(3.4.3) /io/opencv/modules/imgproc/src/resize.cpp:4044: error: (-215:Assertion failed) !ssize.empty() in function 'resize'

OpenCV(3.4.3) /io/opencv/modules/imgproc/src/resize.cpp:4044: error: (-215:Assertion failed) !ssize.empty() in function 'resize'

OpenCV(3.4.3) /io/opencv/modules/imgproc/src/resize.cpp:4044: error: (-215:Assertion failed) !ssize.empty() in function 'resize'

OpenCV(3.4.3) /io/opencv/modules/imgproc/src/resize.cpp:4044: error: (-215:Assertion failed) !ssize.empty() in function 'resize'

OpenCV(3.4.3) /io/opencv/modules/imgproc/src/resize.cpp:4044: error: (-215:Assertion failed) !ssize.empty() in function 'resize'

OpenCV(3.4.3) /io/opencv/modules/imgproc/src/resize.cpp:4044: error: (-215:Assertion failed) !ssize.empty() in function 'resize'

OpenCV(3.4.3) /io/opencv/modules/imgproc/src/resize.cpp:4044: error: (-215:Assertion failed) !ssize.empty() in function 'resize'

OpenCV(3.4.3) /io/opencv/modules/imgproc/src/resize.cpp:4044: error: (-215:Assertion failed) !ssize.empty() in function 'resize'

OpenCV(3.4.3) /io/opencv/modules/imgproc/src/resize.cpp:4044: error: (-215:Assertion failed) !ssize.empty() in function 'resize'

OpenCV(3.4.3) /io/opencv/modules/imgproc/src/resize.cpp:4044: error: (-215:Assertion failed) !ssize.empty() in function 'resize'

OpenCV(3.4.3) /io/opencv/modules/imgproc/src/resize.cpp:4044: error: (-215:Assertion failed) !ssize.empty() in function 'resize'

OpenCV(3.4.3) /io/opencv/modules/imgproc/src/resize.cpp:4044: error: (-215:Assertion failed) !ssize.empty() in function 'resize'

OpenCV(3.4.3) /io/opencv/modules/imgproc/src/resize.cpp:4044: error: (-215:Assertion failed) !ssize.empty() in function 'resize'

OpenCV(3.4.3) /io/opencv/modules/imgproc/src/resize.cpp:4044: error: (-215:Assertion failed) !ssize.empty() in function 'resize'

OpenCV(3.4.3) /io/opencv/modules/imgproc/src/resize.cpp:4044: error: (-215:Assertion failed) !ssize.empty() in function 'resize'

OpenCV(3.4.3) /io/opencv/modules/imgproc/src/resize.cpp:4044: error: (-215:Assertion failed) !ssize.empty() in function 'resize'

OpenCV(3.4.3) /io/opencv/modules/imgproc/src/resize.cpp:4044: error: (-215:Assertion failed) !ssize.empty() in function 'resize'

OpenCV(3.4.3) /io/opencv/modules/imgproc/src/resize.cpp:4044: error: (-215:Assertion failed) !ssize.empty() in function 'resize'

OpenCV(3.4.3) /io/opencv/modules/imgproc/src/resize.cpp:4044: error: (-215:Assertion failed) !ssize.empty() in function 'resize'

OpenCV(3.4.3) /io/opencv/modules/imgproc/src/resize.cpp:4044: error: (-215:Assertion failed) !ssize.empty() in function 'resize'

OpenCV(3.4.3) /io/opencv/modules/imgproc/src/resize.cpp:4044: error: (-215:Assertion failed) !ssize.empty() in function 'resize'

OpenCV(3.4.3) /io/opencv/modules/imgproc/src/resize.cpp:4044: error: (-215:Assertion failed) !ssize.empty() in function 'resize'

OpenCV(3.4.3) /io/opencv/modules/imgproc/src/resize.cpp:4044: error: (-215:Assertion failed) !ssize.empty() in function 'resize'

OpenCV(3.4.3) /io/opencv/modules/imgproc/src/resize.cpp:4044: error: (-215:Assertion failed) !ssize.empty() in function 'resize'

OpenCV(3.4.3) /io/opencv/modules/imgproc/src/resize.cpp:4044: error: (-215:Assertion failed) !ssize.empty() in function 'resize'

OpenCV(3.4.3) /io/opencv/modules/imgproc/src/resize.cpp:4044: error: (-215:Assertion failed) !ssize.empty() in function 'resize'

OpenCV(3.4.3) /io/opencv/modules/imgproc/src/resize.cpp:4044: error: (-215:Assertion failed) !ssize.empty() in function 'resize'

OpenCV(3.4.3) /io/opencv/modules/imgproc/src/resize.cpp:4044: error: (-215:Assertion failed) !ssize.empty() in function 'resize'

OpenCV(3.4.3) /io/opencv/modules/imgproc/src/resize.cpp:4044: error: (-215:Assertion failed) !ssize.empty() in function 'resize'

OpenCV(3.4.3) /io/opencv/modules/imgproc/src/resize.cpp:4044: error: (-215:Assertion failed) !ssize.empty() in function 'resize'

OpenCV(3.4.3) /io/opencv/modules/imgproc/src/resize.cpp:4044: error: (-215:Assertion failed) !ssize.empty() in function 'resize'

OpenCV(3.4.3) /io/opencv/modules/imgproc/src/resize.cpp:4044: error: (-215:Assertion failed) !ssize.empty() in function 'resize'

OpenCV(3.4.3) /io/opencv/modules/imgproc/src/resize.cpp:4044: error: (-215:Assertion failed) !ssize.empty() in function 'resize'

OpenCV(3.4.3) /io/opencv/modules/imgproc/src/resize.cpp:4044: error: (-215:Assertion failed) !ssize.empty() in function 'resize'

OpenCV(3.4.3) /io/opencv/modules/imgproc/src/resize.cpp:4044: error: (-215:Assertion failed) !ssize.empty() in function 'resize'

OpenCV(3.4.3) /io/opencv/modules/imgproc/src/resize.cpp:4044: error: (-215:Assertion failed) !ssize.empty() in function 'resize'

OpenCV(3.4.3) /io/opencv/modules/imgproc/src/resize.cpp:4044: error: (-215:Assertion failed) !ssize.empty() in function 'resize'

OpenCV(3.4.3) /io/opencv/modules/imgproc/src/resize.cpp:4044: error: (-215:Assertion failed) !ssize.empty() in function 'resize'

OpenCV(3.4.3) /io/opencv/modules/imgproc/src/resize.cpp:4044: error: (-215:Assertion failed) !ssize.empty() in function 'resize'

OpenCV(3.4.3) /io/opencv/modules/imgproc/src/resize.cpp:4044: error: (-215:Assertion failed) !ssize.empty() in function 'resize'

OpenCV(3.4.3) /io/opencv/modules/imgproc/src/resize.cpp:4044: error: (-215:Assertion failed) !ssize.empty() in function 'resize'

OpenCV(3.4.3) /io/opencv/modules/imgproc/src/resize.cpp:4044: error: (-215:Assertion failed) !ssize.empty() in function 'resize'

OpenCV(3.4.3) /io/opencv/modules/imgproc/src/resize.cpp:4044: error: (-215:Assertion failed) !ssize.empty() in function 'resize'

OpenCV(3.4.3) /io/opencv/modules/imgproc/src/resize.cpp:4044: error: (-215:Assertion failed) !ssize.empty() in function 'resize'

OpenCV(3.4.3) /io/opencv/modules/imgproc/src/resize.cpp:4044: error: (-215:Assertion failed) !ssize.empty() in function 'resize'

OpenCV(3.4.3) /io/opencv/modules/imgproc/src/resize.cpp:4044: error: (-215:Assertion failed) !ssize.empty() in function 'resize'

OpenCV(3.4.3) /io/opencv/modules/imgproc/src/resize.cpp:4044: error: (-215:Assertion failed) !ssize.empty() in function 'resize'

OpenCV(3.4.3) /io/opencv/modules/imgproc/src/resize.cpp:4044: error: (-215:Assertion failed) !ssize.empty() in function 'resize'

OpenCV(3.4.3) /io/opencv/modules/imgproc/src/resize.cpp:4044: error: (-215:Assertion failed) !ssize.empty() in function 'resize'

OpenCV(3.4.3) /io/opencv/modules/imgproc/src/resize.cpp:4044: error: (-215:Assertion failed) !ssize.empty() in function 'resize'

OpenCV(3.4.3) /io/opencv/modules/imgproc/src/resize.cpp:4044: error: (-215:Assertion failed) !ssize.empty() in function 'resize'

OpenCV(3.4.3) /io/opencv/modules/imgproc/src/resize.cpp:4044: error: (-215:Assertion failed) !ssize.empty() in function 'resize'

OpenCV(3.4.3) /io/opencv/modules/imgproc/src/resize.cpp:4044: error: (-215:Assertion failed) !ssize.empty() in function 'resize'

OpenCV(3.4.3) /io/opencv/modules/imgproc/src/resize.cpp:4044: error: (-215:Assertion failed) !ssize.empty() in function 'resize'

OpenCV(3.4.3) /io/opencv/modules/imgproc/src/resize.cpp:4044: error: (-215:Assertion failed) !ssize.empty() in function 'resize'

OpenCV(3.4.3) /io/opencv/modules/imgproc/src/resize.cpp:4044: error: (-215:Assertion failed) !ssize.empty() in function 'resize'

OpenCV(3.4.3) /io/opencv/modules/imgproc/src/resize.cpp:4044: error: (-215:Assertion failed) !ssize.empty() in function 'resize'

OpenCV(3.4.3) /io/opencv/modules/imgproc/src/resize.cpp:4044: error: (-215:Assertion failed) !ssize.empty() in function 'resize'

OpenCV(3.4.3) /io/opencv/modules/imgproc/src/resize.cpp:4044: error: (-215:Assertion failed) !ssize.empty() in function 'resize'

OpenCV(3.4.3) /io/opencv/modules/imgproc/src/resize.cpp:4044: error: (-215:Assertion failed) !ssize.empty() in function 'resize'

OpenCV(3.4.3) /io/opencv/modules/imgproc/src/resize.cpp:4044: error: (-215:Assertion failed) !ssize.empty() in function 'resize'

OpenCV(3.4.3) /io/opencv/modules/imgproc/src/resize.cpp:4044: error: (-215:Assertion failed) !ssize.empty() in function 'resize'

OpenCV(3.4.3) /io/opencv/modules/imgproc/src/resize.cpp:4044: error: (-215:Assertion failed) !ssize.empty() in function 'resize'

OpenCV(3.4.3) /io/opencv/modules/imgproc/src/resize.cpp:4044: error: (-215:Assertion failed) !ssize.empty() in function 'resize'

OpenCV(3.4.3) /io/opencv/modules/imgproc/src/resize.cpp:4044: error: (-215:Assertion failed) !ssize.empty() in function 'resize'

OpenCV(3.4.3) /io/opencv/modules/imgproc/src/resize.cpp:4044: error: (-215:Assertion failed) !ssize.empty() in function 'resize'

OpenCV(3.4.3) /io/opencv/modules/imgproc/src/resize.cpp:4044: error: (-215:Assertion failed) !ssize.empty() in function 'resize'

OpenCV(3.4.3) /io/opencv/modules/imgproc/src/resize.cpp:4044: error: (-215:Assertion failed) !ssize.empty() in function 'resize'

OpenCV(3.4.3) /io/opencv/modules/imgproc/src/resize.cpp:4044: error: (-215:Assertion failed) !ssize.empty() in function 'resize'

OpenCV(3.4.3) /io/opencv/modules/imgproc/src/resize.cpp:4044: error: (-215:Assertion failed) !ssize.empty() in function 'resize'

OpenCV(3.4.3) /io/opencv/modules/imgproc/src/resize.cpp:4044: error: (-215:Assertion failed) !ssize.empty() in function 'resize'

OpenCV(3.4.3) /io/opencv/modules/imgproc/src/resize.cpp:4044: error: (-215:Assertion failed) !ssize.empty() in function 'resize'

OpenCV(3.4.3) /io/opencv/modules/imgproc/src/resize.cpp:4044: error: (-215:Assertion failed) !ssize.empty() in function 'resize'

OpenCV(3.4.3) /io/opencv/modules/imgproc/src/resize.cpp:4044: error: (-215:Assertion failed) !ssize.empty() in function 'resize'

OpenCV(3.4.3) /io/opencv/modules/imgproc/src/resize.cpp:4044: error: (-215:Assertion failed) !ssize.empty() in function 'resize'

OpenCV(3.4.3) /io/opencv/modules/imgproc/src/resize.cpp:4044: error: (-215:Assertion failed) !ssize.empty() in function 'resize'

OpenCV(3.4.3) /io/opencv/modules/imgproc/src/resize.cpp:4044: error: (-215:Assertion failed) !ssize.empty() in function 'resize'

OpenCV(3.4.3) /io/opencv/modules/imgproc/src/resize.cpp:4044: error: (-215:Assertion failed) !ssize.empty() in function 'resize'

OpenCV(3.4.3) /io/opencv/modules/imgproc/src/resize.cpp:4044: error: (-215:Assertion failed) !ssize.empty() in function 'resize'

OpenCV(3.4.3) /io/opencv/modules/imgproc/src/resize.cpp:4044: error: (-215:Assertion failed) !ssize.empty() in function 'resize'

OpenCV(3.4.3) /io/opencv/modules/imgproc/src/resize.cpp:4044: error: (-215:Assertion failed) !ssize.empty() in function 'resize'

OpenCV(3.4.3) /io/opencv/modules/imgproc/src/resize.cpp:4044: error: (-215:Assertion failed) !ssize.empty() in function 'resize'

OpenCV(3.4.3) /io/opencv/modules/imgproc/src/resize.cpp:4044: error: (-215:Assertion failed) !ssize.empty() in function 'resize'

OpenCV(3.4.3) /io/opencv/modules/imgproc/src/resize.cpp:4044: error: (-215:Assertion failed) !ssize.empty() in function 'resize'

OpenCV(3.4.3) /io/opencv/modules/imgproc/src/resize.cpp:4044: error: (-215:Assertion failed) !ssize.empty() in function 'resize'

OpenCV(3.4.3) /io/opencv/modules/imgproc/src/resize.cpp:4044: error: (-215:Assertion failed) !ssize.empty() in function 'resize'

OpenCV(3.4.3) /io/opencv/modules/imgproc/src/resize.cpp:4044: error: (-215:Assertion failed) !ssize.empty() in function 'resize'

OpenCV(3.4.3) /io/opencv/modules/imgproc/src/resize.cpp:4044: error: (-215:Assertion failed) !ssize.empty() in function 'resize'

OpenCV(3.4.3) /io/opencv/modules/imgproc/src/resize.cpp:4044: error: (-215:Assertion failed) !ssize.empty() in function 'resize'

OpenCV(3.4.3) /io/opencv/modules/imgproc/src/resize.cpp:4044: error: (-215:Assertion failed) !ssize.empty() in function 'resize'

OpenCV(3.4.3) /io/opencv/modules/imgproc/src/resize.cpp:4044: error: (-215:Assertion failed) !ssize.empty() in function 'resize'

OpenCV(3.4.3) /io/opencv/modules/imgproc/src/resize.cpp:4044: error: (-215:Assertion failed) !ssize.empty() in function 'resize'

OpenCV(3.4.3) /io/opencv/modules/imgproc/src/resize.cpp:4044: error: (-215:Assertion failed) !ssize.empty() in function 'resize'

OpenCV(3.4.3) /io/opencv/modules/imgproc/src/resize.cpp:4044: error: (-215:Assertion failed) !ssize.empty() in function 'resize'

OpenCV(3.4.3) /io/opencv/modules/imgproc/src/resize.cpp:4044: error: (-215:Assertion failed) !ssize.empty() in function 'resize'

OpenCV(3.4.3) /io/opencv/modules/imgproc/src/resize.cpp:4044: error: (-215:Assertion failed) !ssize.empty() in function 'resize'

OpenCV(3.4.3) /io/opencv/modules/imgproc/src/resize.cpp:4044: error: (-215:Assertion failed) !ssize.empty() in function 'resize'

OpenCV(3.4.3) /io/opencv/modules/imgproc/src/resize.cpp:4044: error: (-215:Assertion failed) !ssize.empty() in function 'resize'

OpenCV(3.4.3) /io/opencv/modules/imgproc/src/resize.cpp:4044: error: (-215:Assertion failed) !ssize.empty() in function 'resize'

OpenCV(3.4.3) /io/opencv/modules/imgproc/src/resize.cpp:4044: error: (-215:Assertion failed) !ssize.empty() in function 'resize'

OpenCV(3.4.3) /io/opencv/modules/imgproc/src/resize.cpp:4044: error: (-215:Assertion failed) !ssize.empty() in function 'resize'

OpenCV(3.4.3) /io/opencv/modules/imgproc/src/resize.cpp:4044: error: (-215:Assertion failed) !ssize.empty() in function 'resize'

OpenCV(3.4.3) /io/opencv/modules/imgproc/src/resize.cpp:4044: error: (-215:Assertion failed) !ssize.empty() in function 'resize'

OpenCV(3.4.3) /io/opencv/modules/imgproc/src/resize.cpp:4044: error: (-215:Assertion failed) !ssize.empty() in function 'resize'

OpenCV(3.4.3) /io/opencv/modules/imgproc/src/resize.cpp:4044: error: (-215:Assertion failed) !ssize.empty() in function 'resize'

OpenCV(3.4.3) /io/opencv/modules/imgproc/src/resize.cpp:4044: error: (-215:Assertion failed) !ssize.empty() in function 'resize'

OpenCV(3.4.3) /io/opencv/modules/imgproc/src/resize.cpp:4044: error: (-215:Assertion failed) !ssize.empty() in function 'resize'

OpenCV(3.4.3) /io/opencv/modules/imgproc/src/resize.cpp:4044: error: (-215:Assertion failed) !ssize.empty() in function 'resize'

OpenCV(3.4.3) /io/opencv/modules/imgproc/src/resize.cpp:4044: error: (-215:Assertion failed) !ssize.empty() in function 'resize'

OpenCV(3.4.3) /io/opencv/modules/imgproc/src/resize.cpp:4044: error: (-215:Assertion failed) !ssize.empty() in function 'resize'

OpenCV(3.4.3) /io/opencv/modules/imgproc/src/resize.cpp:4044: error: (-215:Assertion failed) !ssize.empty() in function 'resize'

OpenCV(3.4.3) /io/opencv/modules/imgproc/src/resize.cpp:4044: error: (-215:Assertion failed) !ssize.empty() in function 'resize'

OpenCV(3.4.3) /io/opencv/modules/imgproc/src/resize.cpp:4044: error: (-215:Assertion failed) !ssize.empty() in function 'resize'

OpenCV(3.4.3) /io/opencv/modules/imgproc/src/resize.cpp:4044: error: (-215:Assertion failed) !ssize.empty() in function 'resize'

OpenCV(3.4.3) /io/opencv/modules/imgproc/src/resize.cpp:4044: error: (-215:Assertion failed) !ssize.empty() in function 'resize'

OpenCV(3.4.3) /io/opencv/modules/imgproc/src/resize.cpp:4044: error: (-215:Assertion failed) !ssize.empty() in function 'resize'

OpenCV(3.4.3) /io/opencv/modules/imgproc/src/resize.cpp:4044: error: (-215:Assertion failed) !ssize.empty() in function 'resize'

OpenCV(3.4.3) /io/opencv/modules/imgproc/src/resize.cpp:4044: error: (-215:Assertion failed) !ssize.empty() in function 'resize'

OpenCV(3.4.3) /io/opencv/modules/imgproc/src/resize.cpp:4044: error: (-215:Assertion failed) !ssize.empty() in function 'resize'

OpenCV(3.4.3) /io/opencv/modules/imgproc/src/resize.cpp:4044: error: (-215:Assertion failed) !ssize.empty() in function 'resize'

OpenCV(3.4.3) /io/opencv/modules/imgproc/src/resize.cpp:4044: error: (-215:Assertion failed) !ssize.empty() in function 'resize'

OpenCV(3.4.3) /io/opencv/modules/imgproc/src/resize.cpp:4044: error: (-215:Assertion failed) !ssize.empty() in function 'resize'

OpenCV(3.4.3) /io/opencv/modules/imgproc/src/resize.cpp:4044: error: (-215:Assertion failed) !ssize.empty() in function 'resize'

OpenCV(3.4.3) /io/opencv/modules/imgproc/src/resize.cpp:4044: error: (-215:Assertion failed) !ssize.empty() in function 'resize'

OpenCV(3.4.3) /io/opencv/modules/imgproc/src/resize.cpp:4044: error: (-215:Assertion failed) !ssize.empty() in function 'resize'

OpenCV(3.4.3) /io/opencv/modules/imgproc/src/resize.cpp:4044: error: (-215:Assertion failed) !ssize.empty() in function 'resize'

OpenCV(3.4.3) /io/opencv/modules/imgproc/src/resize.cpp:4044: error: (-215:Assertion failed) !ssize.empty() in function 'resize'

OpenCV(3.4.3) /io/opencv/modules/imgproc/src/resize.cpp:4044: error: (-215:Assertion failed) !ssize.empty() in function 'resize'

OpenCV(3.4.3) /io/opencv/modules/imgproc/src/resize.cpp:4044: error: (-215:Assertion failed) !ssize.empty() in function 'resize'

OpenCV(3.4.3) /io/opencv/modules/imgproc/src/resize.cpp:4044: error: (-215:Assertion failed) !ssize.empty() in function 'resize'

OpenCV(3.4.3) /io/opencv/modules/imgproc/src/resize.cpp:4044: error: (-215:Assertion failed) !ssize.empty() in function 'resize'

OpenCV(3.4.3) /io/opencv/modules/imgproc/src/resize.cpp:4044: error: (-215:Assertion failed) !ssize.empty() in function 'resize'

OpenCV(3.4.3) /io/opencv/modules/imgproc/src/resize.cpp:4044: error: (-215:Assertion failed) !ssize.empty() in function 'resize'

OpenCV(3.4.3) /io/opencv/modules/imgproc/src/resize.cpp:4044: error: (-215:Assertion failed) !ssize.empty() in function 'resize'

OpenCV(3.4.3) /io/opencv/modules/imgproc/src/resize.cpp:4044: error: (-215:Assertion failed) !ssize.empty() in function 'resize'

OpenCV(3.4.3) /io/opencv/modules/imgproc/src/resize.cpp:4044: error: (-215:Assertion failed) !ssize.empty() in function 'resize'

/usr/local/lib/python2.7/dist-packages/numpy/core/fromnumeric.py:2920: RuntimeWarning: Mean of empty slice.
  out=out, **kwargs)
/usr/local/lib/python2.7/dist-packages/numpy/core/_methods.py:85: RuntimeWarning: invalid value encountered in double_scalars
  ret = ret.dtype.type(ret / rcount)
OpenCV(3.4.3) /io/opencv/modules/imgproc/src/resize.cpp:4044: error: (-215:Assertion failed) !ssize.empty() in function 'resize'

OpenCV(3.4.3) /io/opencv/modules/imgproc/src/resize.cpp:4044: error: (-215:Assertion failed) !ssize.empty() in function 'resize'

OpenCV(3.4.3) /io/opencv/modules/imgproc/src/resize.cpp:4044: error: (-215:Assertion failed) !ssize.empty() in function 'resize'

OpenCV(3.4.3) /io/opencv/modules/imgproc/src/resize.cpp:4044: error: (-215:Assertion failed) !ssize.empty() in function 'resize'

OpenCV(3.4.3) /io/opencv/modules/imgproc/src/resize.cpp:4044: error: (-215:Assertion failed) !ssize.empty() in function 'resize'

OpenCV(3.4.3) /io/opencv/modules/imgproc/src/resize.cpp:4044: error: (-215:Assertion failed) !ssize.empty() in function 'resize'

OpenCV(3.4.3) /io/opencv/modules/imgproc/src/resize.cpp:4044: error: (-215:Assertion failed) !ssize.empty() in function 'resize'

OpenCV(3.4.3) /io/opencv/modules/imgproc/src/resize.cpp:4044: error: (-215:Assertion failed) !ssize.empty() in function 'resize'

OpenCV(3.4.3) /io/opencv/modules/imgproc/src/resize.cpp:4044: error: (-215:Assertion failed) !ssize.empty() in function 'resize'

OpenCV(3.4.3) /io/opencv/modules/imgproc/src/resize.cpp:4044: error: (-215:Assertion failed) !ssize.empty() in function 'resize'

OpenCV(3.4.3) /io/opencv/modules/imgproc/src/resize.cpp:4044: error: (-215:Assertion failed) !ssize.empty() in function 'resize'

OpenCV(3.4.3) /io/opencv/modules/imgproc/src/resize.cpp:4044: error: (-215:Assertion failed) !ssize.empty() in function 'resize'

OpenCV(3.4.3) /io/opencv/modules/imgproc/src/resize.cpp:4044: error: (-215:Assertion failed) !ssize.empty() in function 'resize'

OpenCV(3.4.3) /io/opencv/modules/imgproc/src/resize.cpp:4044: error: (-215:Assertion failed) !ssize.empty() in function 'resize'

OpenCV(3.4.3) /io/opencv/modules/imgproc/src/resize.cpp:4044: error: (-215:Assertion failed) !ssize.empty() in function 'resize'

OpenCV(3.4.3) /io/opencv/modules/imgproc/src/resize.cpp:4044: error: (-215:Assertion failed) !ssize.empty() in function 'resize'

OpenCV(3.4.3) /io/opencv/modules/imgproc/src/resize.cpp:4044: error: (-215:Assertion failed) !ssize.empty() in function 'resize'

OpenCV(3.4.3) /io/opencv/modules/imgproc/src/resize.cpp:4044: error: (-215:Assertion failed) !ssize.empty() in function 'resize'

OpenCV(3.4.3) /io/opencv/modules/imgproc/src/resize.cpp:4044: error: (-215:Assertion failed) !ssize.empty() in function 'resize'

OpenCV(3.4.3) /io/opencv/modules/imgproc/src/resize.cpp:4044: error: (-215:Assertion failed) !ssize.empty() in function 'resize'

OpenCV(3.4.3) /io/opencv/modules/imgproc/src/resize.cpp:4044: error: (-215:Assertion failed) !ssize.empty() in function 'resize'

OpenCV(3.4.3) /io/opencv/modules/imgproc/src/resize.cpp:4044: error: (-215:Assertion failed) !ssize.empty() in function 'resize'

OpenCV(3.4.3) /io/opencv/modules/imgproc/src/resize.cpp:4044: error: (-215:Assertion failed) !ssize.empty() in function 'resize'

OpenCV(3.4.3) /io/opencv/modules/imgproc/src/resize.cpp:4044: error: (-215:Assertion failed) !ssize.empty() in function 'resize'

OpenCV(3.4.3) /io/opencv/modules/imgproc/src/resize.cpp:4044: error: (-215:Assertion failed) !ssize.empty() in function 'resize'

OpenCV(3.4.3) /io/opencv/modules/imgproc/src/resize.cpp:4044: error: (-215:Assertion failed) !ssize.empty() in function 'resize'

OpenCV(3.4.3) /io/opencv/modules/imgproc/src/resize.cpp:4044: error: (-215:Assertion failed) !ssize.empty() in function 'resize'

OpenCV(3.4.3) /io/opencv/modules/imgproc/src/resize.cpp:4044: error: (-215:Assertion failed) !ssize.empty() in function 'resize'

OpenCV(3.4.3) /io/opencv/modules/imgproc/src/resize.cpp:4044: error: (-215:Assertion failed) !ssize.empty() in function 'resize'

Loading test dataset...
('List of test patients ', '02501')
Size of Dataset: 
('Training Set : ', 386)
('Validation Set : ', 0)
('Test Set : ', 0)
Started Training...
('Epoch ', 0, ' Training Accuracy: ', 1.0, ' Training Loss: ', 0.6344439, ' Validation Accuracy: ', nan, ' Validation Loss: ', nan)
(' Test Accuracy: ', nan, ' Test Loss: ', nan)
('Epoch ', 1, ' Training Accuracy: ', 1.0, ' Training Loss: ', 0.5929447, ' Validation Accuracy: ', nan, ' Validation Loss: ', nan)
(' Test Accuracy: ', nan, ' Test Loss: ', nan)
('Epoch ', 2, ' Training Accuracy: ', 1.0, ' Training Loss: ', 0.5791115, ' Validation Accuracy: ', nan, ' Validation Loss: ', nan)
(' Test Accuracy: ', nan, ' Test Loss: ', nan)
('Epoch ', 3, ' Training Accuracy: ', 1.0, ' Training Loss: ', 0.57219493, ' Validation Accuracy: ', nan, ' Validation Loss: ', nan)
(' Test Accuracy: ', nan, ' Test Loss: ', nan)
('Epoch ', 4, ' Training Accuracy: ', 1.0, ' Training Loss: ', 0.568045, ' Validation Accuracy: ', nan, ' Validation Loss: ', nan)
(' Test Accuracy: ', nan, ' Test Loss: ', nan)
('Epoch ', 5, ' Training Accuracy: ', 1.0, ' Training Loss: ', 0.56527835, ' Validation Accuracy: ', nan, ' Validation Loss: ', nan)
(' Test Accuracy: ', nan, ' Test Loss: ', nan)
('Epoch ', 6, ' Training Accuracy: ', 1.0, ' Training Loss: ', 0.56330216, ' Validation Accuracy: ', nan, ' Validation Loss: ', nan)
(' Test Accuracy: ', nan, ' Test Loss: ', nan)
('Epoch ', 7, ' Training Accuracy: ', 1.0, ' Training Loss: ', 0.56182003, ' Validation Accuracy: ', nan, ' Validation Loss: ', nan)
(' Test Accuracy: ', nan, ' Test Loss: ', nan)
('Epoch ', 8, ' Training Accuracy: ', 1.0, ' Training Loss: ', 0.5606673, ' Validation Accuracy: ', nan, ' Validation Loss: ', nan)
(' Test Accuracy: ', nan, ' Test Loss: ', nan)
('Epoch ', 9, ' Training Accuracy: ', 1.0, ' Training Loss: ', 0.5597451, ' Validation Accuracy: ', nan, ' Validation Loss: ', nan)
(' Test Accuracy: ', nan, ' Test Loss: ', nan)
('Epoch ', 10, ' Training Accuracy: ', 1.0, ' Training Loss: ', 0.5589906, ' Validation Accuracy: ', nan, ' Validation Loss: ', nan)
(' Test Accuracy: ', nan, ' Test Loss: ', nan)
('Epoch ', 11, ' Training Accuracy: ', 1.0, ' Training Loss: ', 0.55836177, ' Validation Accuracy: ', nan, ' Validation Loss: ', nan)
(' Test Accuracy: ', nan, ' Test Loss: ', nan)
('Epoch ', 12, ' Training Accuracy: ', 1.0, ' Training Loss: ', 0.55782974, ' Validation Accuracy: ', nan, ' Validation Loss: ', nan)
(' Test Accuracy: ', nan, ' Test Loss: ', nan)
('Epoch ', 13, ' Training Accuracy: ', 1.0, ' Training Loss: ', 0.5573737, ' Validation Accuracy: ', nan, ' Validation Loss: ', nan)
(' Test Accuracy: ', nan, ' Test Loss: ', nan)
('Epoch ', 14, ' Training Accuracy: ', 1.0, ' Training Loss: ', 0.55697846, ' Validation Accuracy: ', nan, ' Validation Loss: ', nan)
(' Test Accuracy: ', nan, ' Test Loss: ', nan)
('Epoch ', 15, ' Training Accuracy: ', 1.0, ' Training Loss: ', 0.5566326, ' Validation Accuracy: ', nan, ' Validation Loss: ', nan)
(' Test Accuracy: ', nan, ' Test Loss: ', nan)
('Epoch ', 16, ' Training Accuracy: ', 1.0, ' Training Loss: ', 0.55632746, ' Validation Accuracy: ', nan, ' Validation Loss: ', nan)
(' Test Accuracy: ', nan, ' Test Loss: ', nan)
('Epoch ', 17, ' Training Accuracy: ', 1.0, ' Training Loss: ', 0.5560562, ' Validation Accuracy: ', nan, ' Validation Loss: ', nan)
(' Test Accuracy: ', nan, ' Test Loss: ', nan)
('Epoch ', 18, ' Training Accuracy: ', 1.0, ' Training Loss: ', 0.55581355, ' Validation Accuracy: ', nan, ' Validation Loss: ', nan)
(' Test Accuracy: ', nan, ' Test Loss: ', nan)
('Epoch ', 19, ' Training Accuracy: ', 1.0, ' Training Loss: ', 0.55559516, ' Validation Accuracy: ', nan, ' Validation Loss: ', nan)
(' Test Accuracy: ', nan, ' Test Loss: ', nan)
('Epoch ', 20, ' Training Accuracy: ', 1.0, ' Training Loss: ', 0.5553975, ' Validation Accuracy: ', nan, ' Validation Loss: ', nan)
(' Test Accuracy: ', nan, ' Test Loss: ', nan)
('Epoch ', 21, ' Training Accuracy: ', 1.0, ' Training Loss: ', 0.55521786, ' Validation Accuracy: ', nan, ' Validation Loss: ', nan)
(' Test Accuracy: ', nan, ' Test Loss: ', nan)
('Epoch ', 22, ' Training Accuracy: ', 1.0, ' Training Loss: ', 0.55505383, ' Validation Accuracy: ', nan, ' Validation Loss: ', nan)
(' Test Accuracy: ', nan, ' Test Loss: ', nan)
('Epoch ', 23, ' Training Accuracy: ', 1.0, ' Training Loss: ', 0.55490345, ' Validation Accuracy: ', nan, ' Validation Loss: ', nan)
(' Test Accuracy: ', nan, ' Test Loss: ', nan)
('Epoch ', 24, ' Training Accuracy: ', 1.0, ' Training Loss: ', 0.5547651, ' Validation Accuracy: ', nan, ' Validation Loss: ', nan)
(' Test Accuracy: ', nan, ' Test Loss: ', nan)
('Epoch ', 25, ' Training Accuracy: ', 1.0, ' Training Loss: ', 0.55463743, ' Validation Accuracy: ', nan, ' Validation Loss: ', nan)
(' Test Accuracy: ', nan, ' Test Loss: ', nan)
('Epoch ', 26, ' Training Accuracy: ', 1.0, ' Training Loss: ', 0.5545192, ' Validation Accuracy: ', nan, ' Validation Loss: ', nan)
(' Test Accuracy: ', nan, ' Test Loss: ', nan)
('Epoch ', 27, ' Training Accuracy: ', 1.0, ' Training Loss: ', 0.55440944, ' Validation Accuracy: ', nan, ' Validation Loss: ', nan)
(' Test Accuracy: ', nan, ' Test Loss: ', nan)
('Epoch ', 28, ' Training Accuracy: ', 1.0, ' Training Loss: ', 0.5543072, ' Validation Accuracy: ', nan, ' Validation Loss: ', nan)
(' Test Accuracy: ', nan, ' Test Loss: ', nan)
('Epoch ', 29, ' Training Accuracy: ', 1.0, ' Training Loss: ', 0.5542118, ' Validation Accuracy: ', nan, ' Validation Loss: ', nan)
(' Test Accuracy: ', nan, ' Test Loss: ', nan)
('Epoch ', 30, ' Training Accuracy: ', 1.0, ' Training Loss: ', 0.55412257, ' Validation Accuracy: ', nan, ' Validation Loss: ', nan)
(' Test Accuracy: ', nan, ' Test Loss: ', nan)
('Epoch ', 31, ' Training Accuracy: ', 1.0, ' Training Loss: ', 0.5540389, ' Validation Accuracy: ', nan, ' Validation Loss: ', nan)
(' Test Accuracy: ', nan, ' Test Loss: ', nan)
('Epoch ', 32, ' Training Accuracy: ', 1.0, ' Training Loss: ', 0.5539603, ' Validation Accuracy: ', nan, ' Validation Loss: ', nan)
(' Test Accuracy: ', nan, ' Test Loss: ', nan)
('Epoch ', 33, ' Training Accuracy: ', 1.0, ' Training Loss: ', 0.55388635, ' Validation Accuracy: ', nan, ' Validation Loss: ', nan)
(' Test Accuracy: ', nan, ' Test Loss: ', nan)
('Epoch ', 34, ' Training Accuracy: ', 1.0, ' Training Loss: ', 0.55381656, ' Validation Accuracy: ', nan, ' Validation Loss: ', nan)
(' Test Accuracy: ', nan, ' Test Loss: ', nan)
('Epoch ', 35, ' Training Accuracy: ', 1.0, ' Training Loss: ', 0.5537507, ' Validation Accuracy: ', nan, ' Validation Loss: ', nan)
(' Test Accuracy: ', nan, ' Test Loss: ', nan)
('Epoch ', 36, ' Training Accuracy: ', 1.0, ' Training Loss: ', 0.5536884, ' Validation Accuracy: ', nan, ' Validation Loss: ', nan)
(' Test Accuracy: ', nan, ' Test Loss: ', nan)
('Epoch ', 37, ' Training Accuracy: ', 1.0, ' Training Loss: ', 0.55362934, ' Validation Accuracy: ', nan, ' Validation Loss: ', nan)
(' Test Accuracy: ', nan, ' Test Loss: ', nan)
('Epoch ', 38, ' Training Accuracy: ', 1.0, ' Training Loss: ', 0.55357337, ' Validation Accuracy: ', nan, ' Validation Loss: ', nan)
(' Test Accuracy: ', nan, ' Test Loss: ', nan)
('Epoch ', 39, ' Training Accuracy: ', 1.0, ' Training Loss: ', 0.55352014, ' Validation Accuracy: ', nan, ' Validation Loss: ', nan)
(' Test Accuracy: ', nan, ' Test Loss: ', nan)
